<?xml version='1.0' encoding='UTF-8'?>
<testsuite hostname="Aashvins-MacBook-Pro.local" name="controllers.ApplicationControllerSpec" tests="1" errors="1" failures="0" skipped="0" time="0.0" timestamp="2023-09-13T10:16:33">
                     <properties>
[...]
</properties>
                     <testcase classname="controllers.ApplicationControllerSpec" name="(It is not a test it is a sbt.testing.SuiteSelector)" time="0.0">
                                                 <error message="sbt.ForkMain$ForkError: java.lang.NoClassDefFoundError: Could not initialize class com.typesafe.sslconfig.ssl.FakeKeyStore$KeystoreSettings$" type="sbt.ForkMain$ForkError">sbt.ForkMain$ForkError: sbt.ForkMain$ForkError: java.lang.NoClassDefFoundError: Could not initialize class com.typesafe.sslconfig.ssl.FakeKeyStore$KeystoreSettings$
	at com.typesafe.sslconfig.ssl.FakeKeyStore$.generateKeyStore(FakeKeyStore.scala:71)
	at play.core.server.SelfSigned$.x$1$lzycompute(SelfSigned.scala:24)
	at play.core.server.SelfSigned$.x$1(SelfSigned.scala:23)
	at play.core.server.SelfSigned$.sslContext$lzycompute(SelfSigned.scala:23)
	at play.core.server.SelfSigned$.sslContext(SelfSigned.scala:23)
	at play.core.server.SelfSignedSSLEngineProvider.sslContext(SelfSigned.scala:36)
	at play.core.server.AkkaHttpServer.sslContext$lzycompute(AkkaHttpServer.scala:207)
	at play.core.server.AkkaHttpServer.sslContext(AkkaHttpServer.scala:206)
	at play.core.server.AkkaHttpServer.$anonfun$httpsServerBinding$1(AkkaHttpServer.scala:222)
	at play.core.server.AkkaHttpServer.$anonfun$httpsServerBinding$1$adapted(AkkaHttpServer.scala:218)
	at scala.Option.map(Option.scala:242)
	at play.core.server.AkkaHttpServer.&lt;init&gt;(AkkaHttpServer.scala:218)
	at play.core.server.AkkaHttpServerProvider.createServer(AkkaHttpServer.scala:652)
	at play.core.server.AkkaHttpServerProvider.createServer(AkkaHttpServer.scala:650)
	at play.core.server.ServerProvider.createServer(ServerProvider.scala:29)
	at play.core.server.ServerProvider.createServer$(ServerProvider.scala:26)
	at play.core.server.AkkaHttpServerProvider.createServer(AkkaHttpServer.scala:650)
	at play.api.test.TestServer.start(TestServer.scala:47)
	at play.api.test.DefaultTestServerFactory.start(TestServerFactory.scala:46)
	at org.scalatestplus.play.BaseOneServerPerSuite.runningServer(BaseOneServerPerSuite.scala:145)
	at org.scalatestplus.play.BaseOneServerPerSuite.runningServer$(BaseOneServerPerSuite.scala:144)
	at controllers.ApplicationControllerSpec.runningServer$lzycompute(ApplicationControllerSpec.scala:5)
	at controllers.ApplicationControllerSpec.runningServer(ApplicationControllerSpec.scala:5)
	at org.scalatestplus.play.BaseOneServerPerSuite.run(BaseOneServerPerSuite.scala:170)
	at org.scalatestplus.play.BaseOneServerPerSuite.run$(BaseOneServerPerSuite.scala:159)
	at controllers.ApplicationControllerSpec.org$scalatest$BeforeAndAfterAll$$super$run(ApplicationControllerSpec.scala:5)
	at org.scalatest.BeforeAndAfterAll.liftedTree1$1(BeforeAndAfterAll.scala:213)
	at org.scalatest.BeforeAndAfterAll.run(BeforeAndAfterAll.scala:210)
	at org.scalatest.BeforeAndAfterAll.run$(BeforeAndAfterAll.scala:208)
	at controllers.ApplicationControllerSpec.run(ApplicationControllerSpec.scala:5)
	at org.scalatest.tools.Framework.org$scalatest$tools$Framework$$runSuite(Framework.scala:321)
	at org.scalatest.tools.Framework$ScalaTestTask.execute(Framework.scala:517)
	at sbt.ForkMain$Run.lambda$runTest$1(ForkMain.java:304)
	at java.base/java.util.concurrent.FutureTask.run(FutureTask.java:264)
	at java.base/java.util.concurrent.ThreadPoolExecutor.runWorker(ThreadPoolExecutor.java:1128)
	at java.base/java.util.concurrent.ThreadPoolExecutor$Worker.run(ThreadPoolExecutor.java:628)
	at java.base/java.lang.Thread.run(Thread.java:834)
Caused by: sbt.ForkMain$ForkError: sbt.ForkMain$ForkError: java.lang.ExceptionInInitializerError: Exception java.lang.NoSuchFieldError: sha256WithRSAEncryption_oid [in thread &quot;pool-1-thread-1&quot;]
	at com.typesafe.sslconfig.ssl.FakeKeyStore$KeystoreSettings$.&lt;clinit&gt;(FakeKeyStore.scala:55)
	at com.typesafe.sslconfig.ssl.FakeKeyStore$.generateKeyStore(FakeKeyStore.scala:71)
	at play.core.server.SelfSigned$.x$1$lzycompute(SelfSigned.scala:24)
	at play.core.server.SelfSigned$.x$1(SelfSigned.scala:23)
	at play.core.server.SelfSigned$.sslContext$lzycompute(SelfSigned.scala:23)
	at play.core.server.SelfSigned$.sslContext(SelfSigned.scala:23)
	at play.core.server.SelfSignedSSLEngineProvider.sslContext(SelfSigned.scala:36)
	at play.core.server.AkkaHttpServer.sslContext$lzycompute(AkkaHttpServer.scala:207)
	at play.core.server.AkkaHttpServer.sslContext(AkkaHttpServer.scala:206)
	at play.core.server.AkkaHttpServer.$anonfun$httpsServerBinding$1(AkkaHttpServer.scala:222)
	at play.core.server.AkkaHttpServer.$anonfun$httpsServerBinding$1$adapted(AkkaHttpServer.scala:218)
	at scala.Option.map(Option.scala:242)
	at play.core.server.AkkaHttpServer.&lt;init&gt;(AkkaHttpServer.scala:218)
	at play.core.server.AkkaHttpServerProvider.createServer(AkkaHttpServer.scala:652)
	at play.core.server.AkkaHttpServerProvider.createServer(AkkaHttpServer.scala:650)
	at play.core.server.ServerProvider.createServer(ServerProvider.scala:29)
	at play.core.server.ServerProvider.createServer$(ServerProvider.scala:26)
	at play.core.server.AkkaHttpServerProvider.createServer(AkkaHttpServer.scala:650)
	at play.api.test.TestServer.start(TestServer.scala:47)
	at play.api.test.DefaultTestServerFactory.start(TestServerFactory.scala:46)
	at org.scalatestplus.play.BaseOneServerPerSuite.runningServer(BaseOneServerPerSuite.scala:145)
	at org.scalatestplus.play.BaseOneServerPerSuite.runningServer$(BaseOneServerPerSuite.scala:144)
	at controllers.ApplicationControllerSpec.runningServer$lzycompute(ApplicationControllerSpec.scala:5)
	at controllers.ApplicationControllerSpec.runningServer(ApplicationControllerSpec.scala:5)
	at org.scalatestplus.play.ServerProvider.portNumber(ServerProvider.scala:57)
	at org.scalatestplus.play.ServerProvider.portNumber$(ServerProvider.scala:56)
	at controllers.ApplicationControllerSpec.portNumber(ApplicationControllerSpec.scala:5)
	at org.scalatestplus.play.ServerProvider.port(ServerProvider.scala:48)
	at org.scalatestplus.play.ServerProvider.port$(ServerProvider.scala:48)
	at controllers.ApplicationControllerSpec.port(ApplicationControllerSpec.scala:5)
	at org.scalatestplus.play.BaseOneServerPerSuite.run(BaseOneServerPerSuite.scala:161)
	... 13 more
</error>
                                               </testcase>
                     <system-out><![CDATA[]]></system-out>
                     <system-err><![CDATA[]]></system-err>
                   </testsuite>