<?xml version='1.0' encoding='UTF-8'?>
<testsuite hostname="Aashvins-MacBook-Pro.local" name="services.LibraryServiceSpec" tests="2" errors="0" failures="1" skipped="0" time="0.044" timestamp="2023-09-18T10:14:48">
                     <properties>
[...]
</properties>
                     <testcase classname="services.LibraryServiceSpec" name="getGoogleBook should return a book" time="0.039">
                                                 <failure message="org.scalatest.exceptions.TestFailedException: Right(Book(&quot;someId&quot;, &quot;A Game of Thrones&quot;, &quot;The best book!!!&quot;, 100)) was not equal to Right(Book(&quot;someId&quot;, &quot;A Game of Throne&quot;, &quot;The best book!!!&quot;, 100))" type="sbt.ForkMain$ForkError">sbt.ForkMain$ForkError: org.scalatest.exceptions.TestFailedException: Right(Book(&quot;someId&quot;, &quot;A Game of Thrones&quot;, &quot;The best book!!!&quot;, 100)) was not equal to Right(Book(&quot;someId&quot;, &quot;A Game of Throne&quot;, &quot;The best book!!!&quot;, 100))
	at org.scalatest.matchers.MatchersHelper$.indicateFailure(MatchersHelper.scala:392)
	at org.scalatest.matchers.should.Matchers$AnyShouldWrapper.shouldBe(Matchers.scala:7539)
	at services.LibraryServiceSpec.$anonfun$new$3(LibraryServiceSpec.scala:58)
	at org.scalatest.concurrent.Futures$.whenReadyImpl(Futures.scala:621)
	at org.scalatest.concurrent.Futures.whenReady(Futures.scala:609)
	at org.scalatest.concurrent.Futures.whenReady$(Futures.scala:608)
	at services.LibraryServiceSpec.whenReady(LibraryServiceSpec.scala:14)
	at services.LibraryServiceSpec.$anonfun$new$2(LibraryServiceSpec.scala:57)
	at org.scalatest.OutcomeOf.outcomeOf(OutcomeOf.scala:85)
	at org.scalatest.OutcomeOf.outcomeOf$(OutcomeOf.scala:83)
	at org.scalatest.OutcomeOf$.outcomeOf(OutcomeOf.scala:104)
	at org.scalatest.Transformer.apply(Transformer.scala:22)
	at org.scalatest.Transformer.apply(Transformer.scala:20)
	at org.scalatest.wordspec.AnyWordSpecLike$$anon$3.apply(AnyWordSpecLike.scala:1240)
	at org.scalatest.TestSuite.withFixture(TestSuite.scala:196)
	at org.scalatest.TestSuite.withFixture$(TestSuite.scala:195)
	at services.LibraryServiceSpec.org$scalamock$scalatest$AbstractMockFactory$$super$withFixture(LibraryServiceSpec.scala:14)
	at org.scalamock.scalatest.AbstractMockFactory.$anonfun$withFixture$1(AbstractMockFactory.scala:35)
	at org.scalamock.MockFactoryBase.withExpectations(MockFactoryBase.scala:41)
	at org.scalamock.MockFactoryBase.withExpectations$(MockFactoryBase.scala:33)
	at services.LibraryServiceSpec.withExpectations(LibraryServiceSpec.scala:14)
	at org.scalamock.scalatest.AbstractMockFactory.withFixture(AbstractMockFactory.scala:34)
	at org.scalamock.scalatest.AbstractMockFactory.withFixture$(AbstractMockFactory.scala:31)
	at services.LibraryServiceSpec.withFixture(LibraryServiceSpec.scala:14)
	at org.scalatest.wordspec.AnyWordSpecLike.invokeWithFixture$1(AnyWordSpecLike.scala:1238)
	at org.scalatest.wordspec.AnyWordSpecLike.$anonfun$runTest$1(AnyWordSpecLike.scala:1250)
	at org.scalatest.SuperEngine.runTestImpl(Engine.scala:306)
	at org.scalatest.wordspec.AnyWordSpecLike.runTest(AnyWordSpecLike.scala:1250)
	at org.scalatest.wordspec.AnyWordSpecLike.runTest$(AnyWordSpecLike.scala:1232)
	at org.scalatest.wordspec.AnyWordSpec.runTest(AnyWordSpec.scala:1880)
	at org.scalatest.wordspec.AnyWordSpecLike.$anonfun$runTests$1(AnyWordSpecLike.scala:1309)
	at org.scalatest.SuperEngine.$anonfun$runTestsInBranch$1(Engine.scala:413)
	at scala.collection.immutable.List.foreach(List.scala:333)
	at org.scalatest.SuperEngine.traverseSubNodes$1(Engine.scala:401)
	at org.scalatest.SuperEngine.runTestsInBranch(Engine.scala:390)
	at org.scalatest.SuperEngine.$anonfun$runTestsInBranch$1(Engine.scala:427)
	at scala.collection.immutable.List.foreach(List.scala:333)
	at org.scalatest.SuperEngine.traverseSubNodes$1(Engine.scala:401)
	at org.scalatest.SuperEngine.runTestsInBranch(Engine.scala:396)
	at org.scalatest.SuperEngine.runTestsImpl(Engine.scala:475)
	at org.scalatest.wordspec.AnyWordSpecLike.runTests(AnyWordSpecLike.scala:1309)
	at org.scalatest.wordspec.AnyWordSpecLike.runTests$(AnyWordSpecLike.scala:1308)
	at org.scalatest.wordspec.AnyWordSpec.runTests(AnyWordSpec.scala:1880)
	at org.scalatest.Suite.run(Suite.scala:1114)
	at org.scalatest.Suite.run$(Suite.scala:1096)
	at org.scalatest.wordspec.AnyWordSpec.org$scalatest$wordspec$AnyWordSpecLike$$super$run(AnyWordSpec.scala:1880)
	at org.scalatest.wordspec.AnyWordSpecLike.$anonfun$run$1(AnyWordSpecLike.scala:1354)
	at org.scalatest.SuperEngine.runImpl(Engine.scala:535)
	at org.scalatest.wordspec.AnyWordSpecLike.run(AnyWordSpecLike.scala:1354)
	at org.scalatest.wordspec.AnyWordSpecLike.run$(AnyWordSpecLike.scala:1352)
	at services.LibraryServiceSpec.org$scalatestplus$play$BaseOneAppPerSuite$$super$run(LibraryServiceSpec.scala:14)
	at org.scalatestplus.play.BaseOneAppPerSuite.run(BaseOneAppPerSuite.scala:50)
	at org.scalatestplus.play.BaseOneAppPerSuite.run$(BaseOneAppPerSuite.scala:45)
	at services.LibraryServiceSpec.run(LibraryServiceSpec.scala:14)
	at org.scalatest.tools.Framework.org$scalatest$tools$Framework$$runSuite(Framework.scala:321)
	at org.scalatest.tools.Framework$ScalaTestTask.execute(Framework.scala:517)
	at sbt.ForkMain$Run.lambda$runTest$1(ForkMain.java:304)
	at java.base/java.util.concurrent.FutureTask.run(FutureTask.java:264)
	at java.base/java.util.concurrent.ThreadPoolExecutor.runWorker(ThreadPoolExecutor.java:1128)
	at java.base/java.util.concurrent.ThreadPoolExecutor$Worker.run(ThreadPoolExecutor.java:628)
	at java.base/java.lang.Thread.run(Thread.java:834)
</failure>
                                               </testcase><testcase classname="services.LibraryServiceSpec" name="getGoogleBook should return an error" time="0.005">
                                                 
                                               </testcase>
                     <system-out><![CDATA[]]></system-out>
                     <system-err><![CDATA[]]></system-err>
                   </testsuite>