<?xml version='1.0' encoding='UTF-8'?>
<testsuite hostname="Aashvins-MacBook-Pro.local" name="controllers.HomeControllerSpec" tests="3" errors="0" failures="0" skipped="0" time="0.407" timestamp="2023-09-20T09:41:57">
                     <properties>
[...]
</properties>
                     <testcase classname="controllers.HomeControllerSpec" name="HomeController GET should render the index page from a new instance of controller" time="0.039">
                                                 
                                               </testcase><testcase classname="controllers.HomeControllerSpec" name="HomeController GET should render the index page from the application" time="0.008">
                                                 
                                               </testcase><testcase classname="controllers.HomeControllerSpec" name="HomeController GET should render the index page from the router" time="0.36">
                                                 
                                               </testcase>
                     <system-out><![CDATA[]]></system-out>
                     <system-err><![CDATA[]]></system-err>
                   </testsuite>