[0m[[0m[0mdebug[0m] [0m[0mjavaOptions: Vector()[0m
[0m[[0m[0mdebug[0m] [0m[0mForking tests - parallelism = false[0m
[0m[[0m[0mdebug[0m] [0m[0mCreate a single-thread test executor[0m
[0m[[0m[0mdebug[0m] [0m[0mRunner for org.scalatest.tools.Framework produced 3 initial tasks for 3 tests.[0m
[0m[[0m[0mdebug[0m] [0m[0m  Running TaskDef(controllers.HomeControllerSpec, sbt.ForkMain$SubclassFingerscan@6da92439, false, [SuiteSelector])[0m
[0m[[0m[0minfo[0m] [0m[0m[32mHomeControllerSpec:[0m[0m
[0m[[0m[0minfo[0m] [0m[0m[32mHomeController GET[0m[0m
[0m[[0m[0minfo[0m] [0m[0m[32m- should render the index page from a new instance of controller[0m[0m
[0m[[0m[0minfo[0m] [0m[0m[32m- should render the index page from the application[0m[0m
[0m[[0m[0minfo[0m] [0m[0m[32m- should render the index page from the router[0m[0m
[0m[[0m[0mdebug[0m] [0m[0m    Produced 0 nested tasks and 3 events.[0m
[0m[[0m[0mdebug[0m] [0m[0m  Running TaskDef(controllers.ApplicationControllerSpec, sbt.ForkMain$SubclassFingerscan@10e8323, false, [SuiteSelector])[0m
[0m[[0m[0minfo[0m] [0m[0m[32mApplicationControllerSpec:[0m[0m
[0m[[0m[0minfo[0m] [0m[0m[32mApplicationController .index()[0m[0m
[0m[[0m[0minfo[0m] [0m[0m[32m- should return OK[0m[0m
[0m[[0m[0minfo[0m] [0m[0m[32mApplicationController .create[0m[0m
[0m[[0m[0minfo[0m] [0m[0m[32m- should create a book in the database[0m[0m
[0m[[0m[0minfo[0m] [0m[0m[32m- should handle bad requests[0m[0m
[0m[[0m[0minfo[0m] [0m[0m[32mApplicationController .read[0m[0m
[0m[[0m[0minfo[0m] [0m[0m[32m- should find a book in the database by id[0m[0m
[0m[[0m[0minfo[0m] [0m[0m[32m- should handle bad requests[0m[0m
[0m[[0m[0minfo[0m] [0m[0m[32mApplicationController .update()[0m[0m
[0m[[0m[0minfo[0m] [0m[0m[32m- should change the details of a book in the database by id[0m[0m
[0m[[0m[0minfo[0m] [0m[0m[32m- should handle bad requests[0m[0m
[0m[[0m[0minfo[0m] [0m[0m[32mApplicationController .delete()[0m[0m
[0m[[0m[0minfo[0m] [0m[0m[32m- should remove a book in the database by id[0m[0m
[0m[[0m[0minfo[0m] [0m[0m[32m- should handle bad requests[0m[0m
[0m[[0m[0mdebug[0m] [0m[0m    Produced 0 nested tasks and 9 events.[0m
[0m[[0m[0mdebug[0m] [0m[0m  Running TaskDef(services.LibraryServiceSpec, sbt.ForkMain$SubclassFingerscan@383fbdd0, false, [SuiteSelector])[0m
[0m[[0m[0minfo[0m] [0m[0m[32mLibraryServiceSpec:[0m[0m
[0m[[0m[0minfo[0m] [0m[0m[32mgetGoogleBook[0m[0m
[0m[[0m[0minfo[0m] [0m[0m[31m- should return a book *** FAILED ***[0m[0m
[0m[[0m[0minfo[0m] [0m[0m[31m  Right(Book("someId", "A Game of Thrones", "The best book!!!", 100)) was not equal to Right(Book("someId", "A Game of Throne", "The best book!!!", 100)) (LibraryServiceSpec.scala:58)[0m[0m
[0m[[0m[0minfo[0m] [0m[0m[32m- should return an error[0m[0m
[0m[[0m[0mdebug[0m] [0m[0m    Produced 0 nested tasks and 2 events.[0m
[0m[[0m[0mdebug[0m] [0m[0mRunner for com.novocode.junit.JUnitFramework produced 0 initial tasks for 0 tests.[0m
[0m[[0m[0minfo[0m] [0m[0mScalaTest[0m
[0m[[0m[0minfo[0m] [0m[0m[36mRun completed in 2 seconds, 688 milliseconds.[0m[0m
[0m[[0m[0minfo[0m] [0m[0m[36mTotal number of tests run: 14[0m[0m
[0m[[0m[0minfo[0m] [0m[0m[36mSuites: completed 3, aborted 0[0m[0m
[0m[[0m[0minfo[0m] [0m[0m[36mTests: succeeded 13, failed 1, canceled 0, ignored 0, pending 0[0m[0m
[0m[[0m[0minfo[0m] [0m[0m[31m*** 1 TEST FAILED ***[0m[0m
[0m[[0m[0mdebug[0m] [0m[0mSummary for JUnit not available.[0m
[0m[[0m[31merror[0m] [0m[0mFailed: Total 14, Failed 1, Errors 0, Passed 13[0m
[0m[[0m[0mdebug[0m] [0m[0mPassed tests:[0m
[0m[[0m[0mdebug[0m] [0m[0m	controllers.ApplicationControllerSpec[0m
[0m[[0m[0mdebug[0m] [0m[0m	controllers.HomeControllerSpec[0m
[0m[[0m[31merror[0m] [0m[0mFailed tests:[0m
[0m[[0m[31merror[0m] [0m[0m	services.LibraryServiceSpec[0m
[0m[[0m[31merror[0m] [0m[0m(Test / [31mtest[0m) sbt.TestsFailedException: Tests unsuccessful[0m
